<?xml version="1.0" encoding="UTF-8"?>
<testng-results ignored="0" total="1" passed="1" failed="0" skipped="0">
  <reporter-output>
  </reporter-output>
  <suite started-at="2021-03-21T20:42:51 IST" name="Default suite" finished-at="2021-03-21T20:42:52 IST" duration-ms="1331">
    <groups>
    </groups>
    <test started-at="2021-03-21T20:42:51 IST" name="Default test" finished-at="2021-03-21T20:42:52 IST" duration-ms="1331">
      <class name="org.sample.CompareTwoFiles">
        <test-method signature="readData()[pri:0, instance:org.sample.CompareTwoFiles@34f7cfd9]" started-at="2021-03-21T20:42:51 IST" name="readData" finished-at="2021-03-21T20:42:52 IST" duration-ms="1259" status="PASS">
          <reporter-output>
          </reporter-output>
        </test-method> <!-- readData -->
      </class> <!-- org.sample.CompareTwoFiles -->
    </test> <!-- Default test -->
  </suite> <!-- Default suite -->
</testng-results>
